<?xml version="1.0" encoding="UTF-8"?>
<!-- Generated by org.testng.reporters.JUnitXMLReporter -->
<testsuite ignored="3" hostname="DESKTOP-56R6G1O" failures="0" tests="1" name="Default test" time="46.441" errors="0" timestamp="2026-01-29T17:45:01 IST">
  <testcase classname="com.xgenplus.tests.ComposeMailTest" name="verifyComposedEmailSavedInDraftFolder" time="42.097"/>
  <testcase classname="com.xgenplus.tests.ComposeMailTest" name="verifyComposeWindowOpens" time="0.0">
    <ignored/>
  </testcase> <!-- verifyComposeWindowOpens -->
  <testcase classname="com.xgenplus.tests.ComposeMailTest" name="verifySendMailWithAllFields" time="0.0">
    <ignored/>
  </testcase> <!-- verifySendMailWithAllFields -->
  <testcase classname="com.xgenplus.tests.ComposeMailTest" name="verifyComposeEmailInSentFolderWithCorrectContent" time="0.0">
    <ignored/>
  </testcase> <!-- verifyComposeEmailInSentFolderWithCorrectContent -->
</testsuite> <!-- Default test -->
