<?xml version="1.0" encoding="UTF-8"?>
<!-- Generated by org.testng.reporters.JUnitXMLReporter -->
<testsuite ignored="0" hostname="DESKTOP-56R6G1O" failures="0" tests="4" name="Default test" time="10.489" errors="0" timestamp="2026-01-10T11:54:24 IST">
  <testcase classname="com.xgenplus.tests.ForgotEmailTest" name="testForgotEmailWithoutMobileNumber" time="1.12"/>
  <testcase classname="com.xgenplus.tests.ForgotEmailTest" name="testForgotEmailWithInvalidMobileNumber" time="0.724"/>
  <testcase classname="com.xgenplus.tests.ForgotEmailTest" name="testForgotEmailWithLongMobileNumber" time="1.325"/>
  <testcase classname="com.xgenplus.tests.ForgotEmailTest" name="testForgotEmailWithAlphabetsInMobile" time="0.719"/>
</testsuite> <!-- Default test -->
