<?xml version="1.0" encoding="UTF-8"?>
<!-- Generated by org.testng.reporters.JUnitXMLReporter -->
<testsuite ignored="2" hostname="DESKTOP-56R6G1O" failures="0" tests="1" name="Default test" time="2.638" errors="0" timestamp="2026-01-12T16:00:23 IST">
  <testcase classname="com.xgenplus.tests.LoginTest" name="invalidEmailLoginTest" time="0.487"/>
  <testcase classname="com.xgenplus.tests.LoginTest" name="invalidPasswordLoginTest" time="0.0">
    <ignored/>
  </testcase> <!-- invalidPasswordLoginTest -->
  <testcase classname="com.xgenplus.tests.LoginTest" name="validLoginTest" time="0.0">
    <ignored/>
  </testcase> <!-- validLoginTest -->
</testsuite> <!-- Default test -->
