<?xml version="1.0" encoding="UTF-8"?>
<!-- Generated by org.testng.reporters.JUnitXMLReporter -->
<testsuite ignored="1" hostname="DESKTOP-56R6G1O" failures="0" tests="1" name="Default test" time="11.888" errors="0" timestamp="2026-01-19T17:48:21 IST">
  <testcase classname="com.xgenplus.tests.ComposeMailTest" name="verifyCcBccFields" time="9.642"/>
  <testcase classname="com.xgenplus.tests.ComposeMailTest" name="verifyComposeWindowOpens" time="0.0">
    <ignored/>
  </testcase> <!-- verifyComposeWindowOpens -->
</testsuite> <!-- Default test -->
