<?xml version="1.0" encoding="UTF-8"?>
<!-- Generated by org.testng.reporters.JUnitXMLReporter -->
<testsuite ignored="0" hostname="DESKTOP-56R6G1O" failures="0" tests="4" name="Default test" time="163.168" errors="0" timestamp="2026-02-05T16:31:14 IST">
  <testcase classname="com.xgenplus.tests.ComposeMailTest" name="verifyComposeWindowOpens" time="15.848"/>
  <testcase classname="com.xgenplus.tests.ComposeMailTest" name="verifySendMailWithAllFields" time="81.002"/>
  <testcase classname="com.xgenplus.tests.ComposeMailTest" name="verifyComposeEmailInSentFolderWithCorrectContent" time="27.137"/>
  <testcase classname="com.xgenplus.tests.ComposeMailTest" name="verifyComposedEmailSavedInDraftFolder" time="23.482"/>
</testsuite> <!-- Default test -->
