<?xml version="1.0" encoding="UTF-8"?>
<!-- Generated by org.testng.reporters.JUnitXMLReporter -->
<testsuite ignored="0" hostname="DESKTOP-56R6G1O" failures="0" tests="3" name="Default test" time="19.316" errors="0" timestamp="2026-01-09T14:59:08 IST">
  <testcase classname="com.xgenplus.tests.LoginTest" name="validLoginTest" time="11.357"/>
  <testcase classname="com.xgenplus.tests.LoginTest" name="invalidEmailLoginTest" time="0.309"/>
  <testcase classname="com.xgenplus.tests.LoginTest" name="invalidPasswordLoginTest" time="1.153"/>
</testsuite> <!-- Default test -->
