<!DOCTYPE html PUBLIC "-//W3C//DTD XHTML 1.1//EN" "https://www.w3.org/TR/xhtml11/DTD/xhtml11.dtd">
<html xmlns="https://www.w3.org/1999/xhtml">
<head>
<meta http-equiv="content-type" content="text/html; charset=UTF-8"/>
<title>TestNG Report</title>
<style type="text/css">table {margin-bottom:10px;border-collapse:collapse;empty-cells:show}th,td {border:1px solid #009;padding:.25em .5em}th {vertical-align:bottom}td {vertical-align:top}table a {font-weight:bold}.stripe td {background-color: #E6EBF9}.num {text-align:right}.passedodd td {background-color: #3F3}.passedeven td {background-color: #0A0}.skippedodd td {background-color: #DDD}.skippedeven td {background-color: #CCC}.failedodd td,.attn {background-color: #F33}.failedeven td,.stripe .attn {background-color: #D00}.stacktrace {white-space:pre;font-family:monospace}.totop {font-size:85%;text-align:center;border-bottom:2px solid #000}.invisible {display:none}</style>
</head>
<body>
<table>
<tr><th>Test</th><th># Passed</th><th># Skipped</th><th># Retried</th><th># Failed</th><th>Time (ms)</th><th>Included Groups</th><th>Excluded Groups</th></tr>
<tr><th colspan="8">CrossBrowserSuite</th></tr>
<tr><td><a href="#t0">ChromeTest</a></td><td class="num">17</td><td class="num">0</td><td class="num">0</td><td class="num attn">2</td><td class="num">281,312</td><td></td><td></td></tr>
</table>
<table id='summary'><thead><tr><th>Class</th><th>Method</th><th>Start</th><th>Time (ms)</th></tr></thead><tbody><tr><th colspan="4">CrossBrowserSuite</th></tr></tbody><tbody id="t0"><tr><th colspan="4">ChromeTest &#8212; failed</th></tr><tr class="failedeven"><td rowspan="2">com.xgenplus.tests.ComposeMailTest</td><td><a href="#m0">verifyComposedEmailSavedInDraftFolder</a></td><td rowspan="1">1770292260517</td><td rowspan="1">71803</td></tr><tr class="failedeven"><td><a href="#m1">verifySendMailWithAllFields</a></td><td rowspan="1">1770292146467</td><td rowspan="1">76010</td></tr><tr><th colspan="4">ChromeTest &#8212; passed</th></tr><tr class="passedeven"><td rowspan="2">com.xgenplus.tests.ComposeMailTest</td><td><a href="#m2">verifyComposeEmailInSentFolderWithCorrectContent</a></td><td rowspan="1">1770292224014</td><td rowspan="1">33103</td></tr><tr class="passedeven"><td><a href="#m3">verifyComposeWindowOpens</a></td><td rowspan="1">1770292137733</td><td rowspan="1">7842</td></tr><tr class="passedodd"><td rowspan="4">com.xgenplus.tests.ForgotEmailTest</td><td><a href="#m4">testForgotEmailWithAlphabetsInMobile</a></td><td rowspan="1">1770292099007</td><td rowspan="1">1038</td></tr><tr class="passedodd"><td><a href="#m5">testForgotEmailWithInvalidMobileNumber</a></td><td rowspan="1">1770292093704</td><td rowspan="1">581</td></tr><tr class="passedodd"><td><a href="#m6">testForgotEmailWithLongMobileNumber</a></td><td rowspan="1">1770292095112</td><td rowspan="1">1092</td></tr><tr class="passedodd"><td><a href="#m7">testForgotEmailWithoutMobileNumber</a></td><td rowspan="1">1770292091255</td><td rowspan="1">975</td></tr><tr class="passedeven"><td rowspan="8">com.xgenplus.tests.ForgotPasswordTest</td><td><a href="#m8">verifyErrorForIncorrectSecurityAnswers</a></td><td rowspan="1">1770292132945</td><td rowspan="1">3198</td></tr><tr class="passedeven"><td><a href="#m9">verifyErrorForPasswordMismatch</a></td><td rowspan="1">1770292115883</td><td rowspan="1">3455</td></tr><tr class="passedeven"><td><a href="#m10">verifyErrorWhenCityNameIsBlank</a></td><td rowspan="1">1770292123720</td><td rowspan="1">2987</td></tr><tr class="passedeven"><td><a href="#m11">verifyErrorWhenCountryNameIsBlank</a></td><td rowspan="1">1770292128782</td><td rowspan="1">2909</td></tr><tr class="passedeven"><td><a href="#m12">verifyErrorWhenPasswordIsMissing</a></td><td rowspan="1">1770292110394</td><td rowspan="1">3196</td></tr><tr class="passedeven"><td><a href="#m13">verifyErrorWhenSecurityAnswersAreBlank</a></td><td rowspan="1">1770292120738</td><td rowspan="1">2179</td></tr><tr class="passedeven"><td><a href="#m14">verifyResetPasswordViaEmail</a></td><td rowspan="1">1770292101389</td><td rowspan="1">2678</td></tr><tr class="passedeven"><td><a href="#m15">verifySuccessfulPasswordResetUsingSecurityQuestions</a></td><td rowspan="1">1770292105554</td><td rowspan="1">3984</td></tr><tr class="passedodd"><td rowspan="3">com.xgenplus.tests.LoginTest</td><td><a href="#m16">invalidEmailLoginTest</a></td><td rowspan="1">1770292085284</td><td rowspan="1">813</td></tr><tr class="passedodd"><td><a href="#m17">invalidPasswordLoginTest</a></td><td rowspan="1">1770292086931</td><td rowspan="1">2999</td></tr><tr class="passedodd"><td><a href="#m18">validLoginTest</a></td><td rowspan="1">1770292053249</td><td rowspan="1">31119</td></tr></tbody>
</table>
<h2>ChromeTest</h2><h3 id="m0">com.xgenplus.tests.ComposeMailTest#verifyComposedEmailSavedInDraftFolder</h3><table class="result"><tr><th>Exception</th></tr><tr><td><div class="stacktrace">org.openqa.selenium.TimeoutException: Expected condition failed: waiting for visibility of Proxy element for: DefaultElementLocator &apos;By.xpath: //div[@aria-label=&apos;Editor editing area: main. Press Alt+0 for help.&apos;]&apos;
(tried for 30 seconds with 500 milliseconds interval)
	at org.openqa.selenium.support.ui.WebDriverWait.timeoutException(WebDriverWait.java:84)
	at org.openqa.selenium.support.ui.FluentWait.until(FluentWait.java:231)
	at com.xgenplus.pages.ComposeMailPage.waitAndSendKeys(ComposeMailPage.java:166)
	at com.xgenplus.pages.ComposeMailPage.enterBodyText(ComposeMailPage.java:275)
	at com.xgenplus.tests.ComposeMailTest.verifyComposedEmailSavedInDraftFolder(ComposeMailTest.java:313)
	at java.base/java.util.ArrayList.forEach(ArrayList.java:1511)
Caused by: org.openqa.selenium.NoSuchElementException: no such element: Unable to locate element: {&quot;method&quot;:&quot;xpath&quot;,&quot;selector&quot;:&quot;//div[@aria-label=&apos;Editor editing area: main. Press Alt+0 for help.&apos;]&quot;}
  (Session info: chrome=144.0.7559.110)
For documentation on this error, please visit: https://www.selenium.dev/documentation/webdriver/troubleshooting/errors#nosuchelementexception
Build info: version: &apos;4.40.0&apos;, revision: &apos;b3333f1&apos;
System info: os.name: &apos;Windows 11&apos;, os.arch: &apos;amd64&apos;, os.version: &apos;10.0&apos;, java.version: &apos;17.0.12&apos;
Driver info: org.openqa.selenium.chrome.ChromeDriver
Command: [175cda8759bcd30a116784d64dfe6abf, findElement {value=//div[@aria-label=&apos;Editor editing area: main. Press Alt+0 for help.&apos;], using=xpath}]
Capabilities {acceptInsecureCerts: false, browserName: chrome, browserVersion: 144.0.7559.110, chrome: {chromedriverVersion: 144.0.7559.133 (7da823b1d59..., userDataDir: C:\Users\HP\AppData\Local\T...}, fedcm:accounts: true, goog:chromeOptions: {debuggerAddress: localhost:55148}, goog:processID: 10092, networkConnectionEnabled: false, pageLoadStrategy: normal, platformName: windows, proxy: Proxy(), se:cdp: ws://localhost:55148/devtoo..., se:cdpVersion: 144.0.7559.110, setWindowRect: true, strictFileInteractability: false, timeouts: {implicit: 0, pageLoad: 300000, script: 30000}, unhandledPromptBehavior: dismiss and notify, webauthn:extension:credBlob: true, webauthn:extension:largeBlob: true, webauthn:extension:minPinLength: true, webauthn:extension:prf: true, webauthn:virtualAuthenticators: true}
Session ID: 175cda8759bcd30a116784d64dfe6abf
	at org.openqa.selenium.remote.ErrorCodec.decode(ErrorCodec.java:169)
	at org.openqa.selenium.remote.codec.w3c.W3CHttpResponseCodec.decode(W3CHttpResponseCodec.java:142)
	at org.openqa.selenium.remote.codec.w3c.W3CHttpResponseCodec.decode(W3CHttpResponseCodec.java:49)
	at org.openqa.selenium.remote.HttpCommandExecutor.execute(HttpCommandExecutor.java:223)
	at org.openqa.selenium.remote.service.DriverCommandExecutor.invokeExecute(DriverCommandExecutor.java:216)
	at org.openqa.selenium.remote.service.DriverCommandExecutor.execute(DriverCommandExecutor.java:174)
	at org.openqa.selenium.remote.RemoteWebDriver.execute(RemoteWebDriver.java:601)
	at org.openqa.selenium.remote.ElementLocation$ElementFinder$2.findElement(ElementLocation.java:166)
	at org.openqa.selenium.remote.ElementLocation.findElement(ElementLocation.java:60)
	at org.openqa.selenium.remote.RemoteWebDriver.findElement(RemoteWebDriver.java:424)
	at org.openqa.selenium.remote.RemoteWebDriver.findElement(RemoteWebDriver.java:418)
	at org.openqa.selenium.support.pagefactory.DefaultElementLocator.findElement(DefaultElementLocator.java:68)
	at org.openqa.selenium.support.pagefactory.internal.LocatingElementHandler.invoke(LocatingElementHandler.java:38)
	at jdk.proxy2/jdk.proxy2.$Proxy32.isDisplayed(Unknown Source)
	at org.openqa.selenium.support.ui.ExpectedConditions.elementIfVisible(ExpectedConditions.java:367)
	at org.openqa.selenium.support.ui.ExpectedConditions$10.apply(ExpectedConditions.java:353)
	at org.openqa.selenium.support.ui.ExpectedConditions$10.apply(ExpectedConditions.java:350)
	at org.openqa.selenium.support.ui.FluentWait.until(FluentWait.java:207)
	... 31 more
... Removed 27 stack frames</div></td></tr></table><p class="totop"><a href="#summary">back to summary</a></p>
<h3 id="m1">com.xgenplus.tests.ComposeMailTest#verifySendMailWithAllFields</h3><table class="result"><tr><th>Exception</th></tr><tr><td><div class="stacktrace">org.openqa.selenium.TimeoutException: Expected condition failed: waiting for visibility of Proxy element for: DefaultElementLocator &apos;By.xpath: //div[contains(@class,&apos;toast-message&apos;)]&apos;
(tried for 30 seconds with 500 milliseconds interval)
	at org.openqa.selenium.support.ui.WebDriverWait.timeoutException(WebDriverWait.java:84)
	at org.openqa.selenium.support.ui.FluentWait.until(FluentWait.java:231)
	at com.xgenplus.pages.ComposeMailPage.getToastMessageAndWaitToDisappear(ComposeMailPage.java:386)
	at com.xgenplus.tests.ComposeMailTest.verifySendMailWithAllFields(ComposeMailTest.java:116)
	at java.base/java.util.ArrayList.forEach(ArrayList.java:1511)
Caused by: org.openqa.selenium.NoSuchElementException: no such element: Unable to locate element: {&quot;method&quot;:&quot;xpath&quot;,&quot;selector&quot;:&quot;//div[contains(@class,&apos;toast-message&apos;)]&quot;}
  (Session info: chrome=144.0.7559.110)
For documentation on this error, please visit: https://www.selenium.dev/documentation/webdriver/troubleshooting/errors#nosuchelementexception
Build info: version: &apos;4.40.0&apos;, revision: &apos;b3333f1&apos;
System info: os.name: &apos;Windows 11&apos;, os.arch: &apos;amd64&apos;, os.version: &apos;10.0&apos;, java.version: &apos;17.0.12&apos;
Driver info: org.openqa.selenium.chrome.ChromeDriver
Command: [6ee3e4c44df893b262e22b8979d454dc, findElement {value=//div[contains(@class,&apos;toast-message&apos;)], using=xpath}]
Capabilities {acceptInsecureCerts: false, browserName: chrome, browserVersion: 144.0.7559.110, chrome: {chromedriverVersion: 144.0.7559.133 (7da823b1d59..., userDataDir: C:\Users\HP\AppData\Local\T...}, fedcm:accounts: true, goog:chromeOptions: {debuggerAddress: localhost:59531}, goog:processID: 7632, networkConnectionEnabled: false, pageLoadStrategy: normal, platformName: windows, proxy: Proxy(), se:cdp: ws://localhost:59531/devtoo..., se:cdpVersion: 144.0.7559.110, setWindowRect: true, strictFileInteractability: false, timeouts: {implicit: 0, pageLoad: 300000, script: 30000}, unhandledPromptBehavior: dismiss and notify, webauthn:extension:credBlob: true, webauthn:extension:largeBlob: true, webauthn:extension:minPinLength: true, webauthn:extension:prf: true, webauthn:virtualAuthenticators: true}
Session ID: 6ee3e4c44df893b262e22b8979d454dc
	at org.openqa.selenium.remote.ErrorCodec.decode(ErrorCodec.java:169)
	at org.openqa.selenium.remote.codec.w3c.W3CHttpResponseCodec.decode(W3CHttpResponseCodec.java:142)
	at org.openqa.selenium.remote.codec.w3c.W3CHttpResponseCodec.decode(W3CHttpResponseCodec.java:49)
	at org.openqa.selenium.remote.HttpCommandExecutor.execute(HttpCommandExecutor.java:223)
	at org.openqa.selenium.remote.service.DriverCommandExecutor.invokeExecute(DriverCommandExecutor.java:216)
	at org.openqa.selenium.remote.service.DriverCommandExecutor.execute(DriverCommandExecutor.java:174)
	at org.openqa.selenium.remote.RemoteWebDriver.execute(RemoteWebDriver.java:601)
	at org.openqa.selenium.remote.ElementLocation$ElementFinder$2.findElement(ElementLocation.java:166)
	at org.openqa.selenium.remote.ElementLocation.findElement(ElementLocation.java:60)
	at org.openqa.selenium.remote.RemoteWebDriver.findElement(RemoteWebDriver.java:424)
	at org.openqa.selenium.remote.RemoteWebDriver.findElement(RemoteWebDriver.java:418)
	at org.openqa.selenium.support.pagefactory.DefaultElementLocator.findElement(DefaultElementLocator.java:68)
	at org.openqa.selenium.support.pagefactory.internal.LocatingElementHandler.invoke(LocatingElementHandler.java:38)
	at jdk.proxy2/jdk.proxy2.$Proxy32.isDisplayed(Unknown Source)
	at org.openqa.selenium.support.ui.ExpectedConditions.elementIfVisible(ExpectedConditions.java:367)
	at org.openqa.selenium.support.ui.ExpectedConditions$10.apply(ExpectedConditions.java:353)
	at org.openqa.selenium.support.ui.ExpectedConditions$10.apply(ExpectedConditions.java:350)
	at org.openqa.selenium.support.ui.FluentWait.until(FluentWait.java:207)
	... 30 more
... Removed 27 stack frames</div></td></tr></table><p class="totop"><a href="#summary">back to summary</a></p>
<h3 id="m2">com.xgenplus.tests.ComposeMailTest#verifyComposeEmailInSentFolderWithCorrectContent</h3><table class="result"><tr><th class="invisible"/></tr></table><p class="totop"><a href="#summary">back to summary</a></p>
<h3 id="m3">com.xgenplus.tests.ComposeMailTest#verifyComposeWindowOpens</h3><table class="result"><tr><th class="invisible"/></tr></table><p class="totop"><a href="#summary">back to summary</a></p>
<h3 id="m4">com.xgenplus.tests.ForgotEmailTest#testForgotEmailWithAlphabetsInMobile</h3><table class="result"><tr><th class="invisible"/></tr></table><p class="totop"><a href="#summary">back to summary</a></p>
<h3 id="m5">com.xgenplus.tests.ForgotEmailTest#testForgotEmailWithInvalidMobileNumber</h3><table class="result"><tr><th class="invisible"/></tr></table><p class="totop"><a href="#summary">back to summary</a></p>
<h3 id="m6">com.xgenplus.tests.ForgotEmailTest#testForgotEmailWithLongMobileNumber</h3><table class="result"><tr><th class="invisible"/></tr></table><p class="totop"><a href="#summary">back to summary</a></p>
<h3 id="m7">com.xgenplus.tests.ForgotEmailTest#testForgotEmailWithoutMobileNumber</h3><table class="result"><tr><th class="invisible"/></tr></table><p class="totop"><a href="#summary">back to summary</a></p>
<h3 id="m8">com.xgenplus.tests.ForgotPasswordTest#verifyErrorForIncorrectSecurityAnswers</h3><table class="result"><tr><th class="invisible"/></tr></table><p class="totop"><a href="#summary">back to summary</a></p>
<h3 id="m9">com.xgenplus.tests.ForgotPasswordTest#verifyErrorForPasswordMismatch</h3><table class="result"><tr><th class="invisible"/></tr></table><p class="totop"><a href="#summary">back to summary</a></p>
<h3 id="m10">com.xgenplus.tests.ForgotPasswordTest#verifyErrorWhenCityNameIsBlank</h3><table class="result"><tr><th class="invisible"/></tr></table><p class="totop"><a href="#summary">back to summary</a></p>
<h3 id="m11">com.xgenplus.tests.ForgotPasswordTest#verifyErrorWhenCountryNameIsBlank</h3><table class="result"><tr><th class="invisible"/></tr></table><p class="totop"><a href="#summary">back to summary</a></p>
<h3 id="m12">com.xgenplus.tests.ForgotPasswordTest#verifyErrorWhenPasswordIsMissing</h3><table class="result"><tr><th class="invisible"/></tr></table><p class="totop"><a href="#summary">back to summary</a></p>
<h3 id="m13">com.xgenplus.tests.ForgotPasswordTest#verifyErrorWhenSecurityAnswersAreBlank</h3><table class="result"><tr><th class="invisible"/></tr></table><p class="totop"><a href="#summary">back to summary</a></p>
<h3 id="m14">com.xgenplus.tests.ForgotPasswordTest#verifyResetPasswordViaEmail</h3><table class="result"><tr><th class="invisible"/></tr></table><p class="totop"><a href="#summary">back to summary</a></p>
<h3 id="m15">com.xgenplus.tests.ForgotPasswordTest#verifySuccessfulPasswordResetUsingSecurityQuestions</h3><table class="result"><tr><th class="invisible"/></tr></table><p class="totop"><a href="#summary">back to summary</a></p>
<h3 id="m16">com.xgenplus.tests.LoginTest#invalidEmailLoginTest</h3><table class="result"><tr><th class="invisible"/></tr></table><p class="totop"><a href="#summary">back to summary</a></p>
<h3 id="m17">com.xgenplus.tests.LoginTest#invalidPasswordLoginTest</h3><table class="result"><tr><th class="invisible"/></tr></table><p class="totop"><a href="#summary">back to summary</a></p>
<h3 id="m18">com.xgenplus.tests.LoginTest#validLoginTest</h3><table class="result"><tr><th class="invisible"/></tr></table><p class="totop"><a href="#summary">back to summary</a></p>
</body>
</html>
