<?xml version="1.0" encoding="UTF-8"?>
<testng-results ignored="0" total="1" passed="1" failed="0" skipped="0">
  <reporter-output>
  </reporter-output>
  <suite started-at="2025-12-31T16:02:46 IST" name="Default suite" finished-at="2025-12-31T16:02:50 IST" duration-ms="3344">
    <groups>
    </groups>
    <test started-at="2025-12-31T16:02:46 IST" name="Default test" finished-at="2025-12-31T16:02:50 IST" duration-ms="3344">
      <class name="com.xgenplus.tests.LoginTest">
        <test-method is-config="true" signature="setupExtent()[pri:0, instance:com.xgenplus.tests.LoginTest@1c7fd41f]" started-at="2025-12-31T16:02:46 IST" name="setupExtent" finished-at="2025-12-31T16:02:46 IST" duration-ms="157" status="PASS">
          <reporter-output>
          </reporter-output>
        </test-method> <!-- setupExtent -->
        <test-method is-config="true" signature="setUp(java.lang.String)[pri:0, instance:com.xgenplus.tests.LoginTest@1c7fd41f]" started-at="2025-12-31T16:02:47 IST" name="setUp" finished-at="2025-12-31T16:02:49 IST" duration-ms="2603" status="PASS">
          <params>
            <param index="0">
              <value>
                <![CDATA[chrome]]>
              </value>
            </param>
          </params>
          <reporter-output>
          </reporter-output>
        </test-method> <!-- setUp -->
        <test-method signature="validLoginTest()[pri:1, instance:com.xgenplus.tests.LoginTest@1c7fd41f]" started-at="2025-12-31T16:02:49 IST" name="validLoginTest" finished-at="2025-12-31T16:02:49 IST" duration-ms="157" status="PASS">
          <reporter-output>
          </reporter-output>
        </test-method> <!-- validLoginTest -->
        <test-method is-config="true" signature="tearDown(org.testng.ITestResult)[pri:0, instance:com.xgenplus.tests.LoginTest@1c7fd41f]" started-at="2025-12-31T16:02:49 IST" name="tearDown" finished-at="2025-12-31T16:02:50 IST" duration-ms="391" status="PASS">
          <params>
            <param index="0">
              <value>
                <![CDATA[[TestResult name=validLoginTest status=SUCCESS method=LoginTest.validLoginTest()[pri:1, instance:com.xgenplus.tests.LoginTest@1c7fd41f] output={null}]]]>
              </value>
            </param>
          </params>
          <reporter-output>
          </reporter-output>
        </test-method> <!-- tearDown -->
      </class> <!-- com.xgenplus.tests.LoginTest -->
    </test> <!-- Default test -->
  </suite> <!-- Default suite -->
</testng-results>
