<?xml version="1.0" encoding="UTF-8"?>
<testng-results ignored="1" total="2" passed="1" failed="0" skipped="0">
  <reporter-output>
  </reporter-output>
  <suite started-at="2026-01-19T17:48:09 IST" name="Default suite" finished-at="2026-01-19T17:48:21 IST" duration-ms="11888">
    <groups>
    </groups>
    <test started-at="2026-01-19T17:48:09 IST" name="Default test" finished-at="2026-01-19T17:48:21 IST" duration-ms="11888">
      <class name="com.xgenplus.tests.ComposeMailTest">
        <test-method is-config="true" signature="setupExtent()[pri:0, instance:com.xgenplus.tests.ComposeMailTest@665df3c6]" started-at="2026-01-19T17:48:09 IST" name="setupExtent" finished-at="2026-01-19T17:48:09 IST" duration-ms="172" status="PASS">
          <reporter-output>
          </reporter-output>
        </test-method> <!-- setupExtent -->
        <test-method is-config="true" signature="setUp(java.lang.String)[pri:0, instance:com.xgenplus.tests.ComposeMailTest@665df3c6]" started-at="2026-01-19T17:48:09 IST" name="setUp" finished-at="2026-01-19T17:48:12 IST" duration-ms="2213" status="PASS">
          <params>
            <param index="0">
              <value>
                <![CDATA[chrome]]>
              </value>
            </param>
          </params>
          <reporter-output>
          </reporter-output>
        </test-method> <!-- setUp -->
        <test-method signature="verifyCcBccFields()[pri:2, instance:com.xgenplus.tests.ComposeMailTest@665df3c6]" started-at="2026-01-19T17:48:12 IST" name="verifyCcBccFields" description="Verify CC and BCC fields functionality in Compose Mail" finished-at="2026-01-19T17:48:21 IST" duration-ms="9642" status="PASS">
          <reporter-output>
          </reporter-output>
        </test-method> <!-- verifyCcBccFields -->
        <test-method is-config="true" signature="tearDown(org.testng.ITestResult)[pri:0, instance:com.xgenplus.tests.ComposeMailTest@665df3c6]" started-at="2026-01-19T17:48:21 IST" name="tearDown" finished-at="2026-01-19T17:48:21 IST" duration-ms="2" status="PASS">
          <params>
            <param index="0">
              <value>
                <![CDATA[[TestResult name=verifyCcBccFields status=SUCCESS method=ComposeMailTest.verifyCcBccFields()[pri:2, instance:com.xgenplus.tests.ComposeMailTest@665df3c6] output={null}]]]>
              </value>
            </param>
          </params>
          <reporter-output>
          </reporter-output>
        </test-method> <!-- tearDown -->
        <test-method is-config="true" signature="closeReport()[pri:0, instance:com.xgenplus.tests.ComposeMailTest@665df3c6]" started-at="2026-01-19T17:48:21 IST" name="closeReport" finished-at="2026-01-19T17:48:22 IST" duration-ms="349" status="PASS">
          <reporter-output>
          </reporter-output>
        </test-method> <!-- closeReport -->
      </class> <!-- com.xgenplus.tests.ComposeMailTest -->
    </test> <!-- Default test -->
  </suite> <!-- Default suite -->
</testng-results>
