<?xml version="1.0" encoding="UTF-8"?>
<testng-results ignored="3" total="4" passed="1" failed="0" skipped="0">
  <reporter-output>
  </reporter-output>
  <suite started-at="2026-01-29T17:44:15 IST" name="Default suite" finished-at="2026-01-29T17:45:01 IST" duration-ms="46441">
    <groups>
    </groups>
    <test started-at="2026-01-29T17:44:15 IST" name="Default test" finished-at="2026-01-29T17:45:01 IST" duration-ms="46441">
      <class name="com.xgenplus.tests.ComposeMailTest">
        <test-method is-config="true" signature="setupExtent()[pri:0, instance:com.xgenplus.tests.ComposeMailTest@665df3c6]" started-at="2026-01-29T17:44:15 IST" name="setupExtent" finished-at="2026-01-29T17:44:15 IST" duration-ms="162" status="PASS">
          <reporter-output>
          </reporter-output>
        </test-method> <!-- setupExtent -->
        <test-method is-config="true" signature="setUp(java.lang.String)[pri:0, instance:com.xgenplus.tests.ComposeMailTest@665df3c6]" started-at="2026-01-29T17:44:15 IST" name="setUp" finished-at="2026-01-29T17:44:19 IST" duration-ms="4310" status="PASS">
          <params>
            <param index="0">
              <value>
                <![CDATA[chrome]]>
              </value>
            </param>
          </params>
          <reporter-output>
          </reporter-output>
        </test-method> <!-- setUp -->
        <test-method signature="verifyComposedEmailSavedInDraftFolder()[pri:4, instance:com.xgenplus.tests.ComposeMailTest@665df3c6]" started-at="2026-01-29T17:44:19 IST" name="verifyComposedEmailSavedInDraftFolder" description="Verify composed email is saved in Draft folder with correct details" finished-at="2026-01-29T17:45:01 IST" duration-ms="42097" status="PASS">
          <reporter-output>
          </reporter-output>
        </test-method> <!-- verifyComposedEmailSavedInDraftFolder -->
        <test-method is-config="true" signature="tearDown(org.testng.ITestResult)[pri:0, instance:com.xgenplus.tests.ComposeMailTest@665df3c6]" started-at="2026-01-29T17:45:01 IST" name="tearDown" finished-at="2026-01-29T17:45:01 IST" duration-ms="1" status="PASS">
          <params>
            <param index="0">
              <value>
                <![CDATA[[TestResult name=verifyComposedEmailSavedInDraftFolder status=SUCCESS method=ComposeMailTest.verifyComposedEmailSavedInDraftFolder()[pri:4, instance:com.xgenplus.tests.ComposeMailTest@665df3c6] output={null}]]]>
              </value>
            </param>
          </params>
          <reporter-output>
          </reporter-output>
        </test-method> <!-- tearDown -->
        <test-method is-config="true" signature="closeReport()[pri:0, instance:com.xgenplus.tests.ComposeMailTest@665df3c6]" started-at="2026-01-29T17:45:01 IST" name="closeReport" finished-at="2026-01-29T17:45:01 IST" duration-ms="267" status="PASS">
          <reporter-output>
          </reporter-output>
        </test-method> <!-- closeReport -->
      </class> <!-- com.xgenplus.tests.ComposeMailTest -->
    </test> <!-- Default test -->
  </suite> <!-- Default suite -->
</testng-results>
