<?xml version="1.0" encoding="UTF-8"?>
<testng-results ignored="0" total="3" passed="3" failed="0" skipped="0">
  <reporter-output>
  </reporter-output>
  <suite started-at="2026-01-09T14:58:48 IST" name="Default suite" finished-at="2026-01-09T14:59:08 IST" duration-ms="19316">
    <groups>
    </groups>
    <test started-at="2026-01-09T14:58:48 IST" name="Default test" finished-at="2026-01-09T14:59:08 IST" duration-ms="19316">
      <class name="com.xgenplus.tests.LoginTest">
        <test-method is-config="true" signature="setupExtent()[pri:0, instance:com.xgenplus.tests.LoginTest@3fa2213]" started-at="2026-01-09T14:58:48 IST" name="setupExtent" finished-at="2026-01-09T14:58:48 IST" duration-ms="174" status="PASS">
          <reporter-output>
          </reporter-output>
        </test-method> <!-- setupExtent -->
        <test-method is-config="true" signature="setUp(java.lang.String)[pri:0, instance:com.xgenplus.tests.LoginTest@3fa2213]" started-at="2026-01-09T14:58:48 IST" name="setUp" finished-at="2026-01-09T14:58:50 IST" duration-ms="1897" status="PASS">
          <params>
            <param index="0">
              <value>
                <![CDATA[chrome]]>
              </value>
            </param>
          </params>
          <reporter-output>
          </reporter-output>
        </test-method> <!-- setUp -->
        <test-method signature="validLoginTest()[pri:1, instance:com.xgenplus.tests.LoginTest@3fa2213]" started-at="2026-01-09T14:58:50 IST" name="validLoginTest" description="Verify login with valid credentials using URL validation" finished-at="2026-01-09T14:59:02 IST" duration-ms="11357" status="PASS">
          <reporter-output>
          </reporter-output>
        </test-method> <!-- validLoginTest -->
        <test-method is-config="true" signature="tearDown(org.testng.ITestResult)[pri:0, instance:com.xgenplus.tests.LoginTest@3fa2213]" started-at="2026-01-09T14:59:02 IST" name="tearDown" finished-at="2026-01-09T14:59:02 IST" duration-ms="144" status="PASS">
          <params>
            <param index="0">
              <value>
                <![CDATA[[TestResult name=validLoginTest status=SUCCESS method=LoginTest.validLoginTest()[pri:1, instance:com.xgenplus.tests.LoginTest@3fa2213] output={null}]]]>
              </value>
            </param>
          </params>
          <reporter-output>
          </reporter-output>
        </test-method> <!-- tearDown -->
        <test-method is-config="true" signature="setUp(java.lang.String)[pri:0, instance:com.xgenplus.tests.LoginTest@3fa2213]" started-at="2026-01-09T14:59:02 IST" name="setUp" finished-at="2026-01-09T14:59:03 IST" duration-ms="1460" status="PASS">
          <params>
            <param index="0">
              <value>
                <![CDATA[chrome]]>
              </value>
            </param>
          </params>
          <reporter-output>
          </reporter-output>
        </test-method> <!-- setUp -->
        <test-method signature="invalidEmailLoginTest()[pri:2, instance:com.xgenplus.tests.LoginTest@3fa2213]" started-at="2026-01-09T14:59:03 IST" name="invalidEmailLoginTest" description="Verify login with invalid email" finished-at="2026-01-09T14:59:03 IST" duration-ms="309" status="PASS">
          <reporter-output>
          </reporter-output>
        </test-method> <!-- invalidEmailLoginTest -->
        <test-method is-config="true" signature="tearDown(org.testng.ITestResult)[pri:0, instance:com.xgenplus.tests.LoginTest@3fa2213]" started-at="2026-01-09T14:59:03 IST" name="tearDown" finished-at="2026-01-09T14:59:04 IST" duration-ms="106" status="PASS">
          <params>
            <param index="0">
              <value>
                <![CDATA[[TestResult name=invalidEmailLoginTest status=SUCCESS method=LoginTest.invalidEmailLoginTest()[pri:2, instance:com.xgenplus.tests.LoginTest@3fa2213] output={null}]]]>
              </value>
            </param>
          </params>
          <reporter-output>
          </reporter-output>
        </test-method> <!-- tearDown -->
        <test-method is-config="true" signature="setUp(java.lang.String)[pri:0, instance:com.xgenplus.tests.LoginTest@3fa2213]" started-at="2026-01-09T14:59:04 IST" name="setUp" finished-at="2026-01-09T14:59:06 IST" duration-ms="2731" status="PASS">
          <params>
            <param index="0">
              <value>
                <![CDATA[chrome]]>
              </value>
            </param>
          </params>
          <reporter-output>
          </reporter-output>
        </test-method> <!-- setUp -->
        <test-method signature="invalidPasswordLoginTest()[pri:3, instance:com.xgenplus.tests.LoginTest@3fa2213]" started-at="2026-01-09T14:59:06 IST" name="invalidPasswordLoginTest" description="Verify login with valid email with invaild password" finished-at="2026-01-09T14:59:07 IST" duration-ms="1153" status="PASS">
          <reporter-output>
          </reporter-output>
        </test-method> <!-- invalidPasswordLoginTest -->
        <test-method is-config="true" signature="tearDown(org.testng.ITestResult)[pri:0, instance:com.xgenplus.tests.LoginTest@3fa2213]" started-at="2026-01-09T14:59:07 IST" name="tearDown" finished-at="2026-01-09T14:59:08 IST" duration-ms="111" status="PASS">
          <params>
            <param index="0">
              <value>
                <![CDATA[[TestResult name=invalidPasswordLoginTest status=SUCCESS method=LoginTest.invalidPasswordLoginTest()[pri:3, instance:com.xgenplus.tests.LoginTest@3fa2213] output={null}]]]>
              </value>
            </param>
          </params>
          <reporter-output>
          </reporter-output>
        </test-method> <!-- tearDown -->
        <test-method is-config="true" signature="closeReport()[pri:0, instance:com.xgenplus.tests.LoginTest@3fa2213]" started-at="2026-01-09T14:59:08 IST" name="closeReport" finished-at="2026-01-09T14:59:08 IST" duration-ms="263" status="PASS">
          <reporter-output>
          </reporter-output>
        </test-method> <!-- closeReport -->
      </class> <!-- com.xgenplus.tests.LoginTest -->
    </test> <!-- Default test -->
  </suite> <!-- Default suite -->
</testng-results>
