<?xml version="1.0" encoding="UTF-8"?>
<testng-results ignored="3" total="4" passed="0" failed="1" skipped="0">
  <reporter-output>
  </reporter-output>
  <suite started-at="2026-01-24T12:30:32 IST" name="Default suite" finished-at="2026-01-24T12:30:58 IST" duration-ms="26022">
    <groups>
    </groups>
    <test started-at="2026-01-24T12:30:32 IST" name="Default test" finished-at="2026-01-24T12:30:58 IST" duration-ms="26022">
      <class name="com.xgenplus.tests.ComposeMailTest">
        <test-method is-config="true" signature="setupExtent()[pri:0, instance:com.xgenplus.tests.ComposeMailTest@665df3c6]" started-at="2026-01-24T12:30:32 IST" name="setupExtent" finished-at="2026-01-24T12:30:32 IST" duration-ms="158" status="PASS">
          <reporter-output>
          </reporter-output>
        </test-method> <!-- setupExtent -->
        <test-method is-config="true" signature="setUp(java.lang.String)[pri:0, instance:com.xgenplus.tests.ComposeMailTest@665df3c6]" started-at="2026-01-24T12:30:32 IST" name="setUp" finished-at="2026-01-24T12:30:34 IST" duration-ms="1709" status="PASS">
          <params>
            <param index="0">
              <value>
                <![CDATA[chrome]]>
              </value>
            </param>
          </params>
          <reporter-output>
          </reporter-output>
        </test-method> <!-- setUp -->
        <test-method signature="verifyComposedEmailSavedInDraftFolder()[pri:4, instance:com.xgenplus.tests.ComposeMailTest@665df3c6]" started-at="2026-01-24T12:30:34 IST" name="verifyComposedEmailSavedInDraftFolder" description="Verify composed email is saved in Draft folder with correct details" finished-at="2026-01-24T12:30:58 IST" duration-ms="24024" status="FAIL">
          <exception class="java.lang.AssertionError">
            <message>
              <![CDATA[expected [receiver1@testmail.com] but found []]]>
            </message>
            <full-stacktrace>
              <![CDATA[java.lang.AssertionError: expected [receiver1@testmail.com] but found []
at org.testng.Assert.fail(Assert.java:111)
at org.testng.Assert.failNotEquals(Assert.java:1590)
at org.testng.Assert.assertEqualsImpl(Assert.java:150)
at org.testng.Assert.assertEquals(Assert.java:132)
at org.testng.Assert.assertEquals(Assert.java:656)
at org.testng.Assert.assertEquals(Assert.java:666)
at com.xgenplus.tests.ComposeMailTest.verifyComposedEmailSavedInDraftFolder(ComposeMailTest.java:330)
at java.base/jdk.internal.reflect.NativeMethodAccessorImpl.invoke0(Native Method)
at java.base/jdk.internal.reflect.NativeMethodAccessorImpl.invoke(NativeMethodAccessorImpl.java:77)
at java.base/jdk.internal.reflect.DelegatingMethodAccessorImpl.invoke(DelegatingMethodAccessorImpl.java:43)
at java.base/java.lang.reflect.Method.invoke(Method.java:568)
at org.testng.internal.invokers.MethodInvocationHelper.invokeMethod(MethodInvocationHelper.java:141)
at org.testng.internal.invokers.TestInvoker.invokeMethod(TestInvoker.java:687)
at org.testng.internal.invokers.TestInvoker.invokeTestMethod(TestInvoker.java:230)
at org.testng.internal.invokers.MethodRunner.runInSequence(MethodRunner.java:63)
at org.testng.internal.invokers.TestInvoker$MethodInvocationAgent.invoke(TestInvoker.java:995)
at org.testng.internal.invokers.TestInvoker.invokeTestMethods(TestInvoker.java:203)
at org.testng.internal.invokers.TestMethodWorker.invokeTestMethods(TestMethodWorker.java:154)
at org.testng.internal.invokers.TestMethodWorker.run(TestMethodWorker.java:134)
at java.base/java.util.ArrayList.forEach(ArrayList.java:1511)
at org.testng.TestRunner.privateRun(TestRunner.java:741)
at org.testng.TestRunner.run(TestRunner.java:616)
at org.testng.SuiteRunner.runTest(SuiteRunner.java:421)
at org.testng.SuiteRunner.runSequentially(SuiteRunner.java:413)
at org.testng.SuiteRunner.privateRun(SuiteRunner.java:373)
at org.testng.SuiteRunner.run(SuiteRunner.java:312)
at org.testng.SuiteRunnerWorker.runSuite(SuiteRunnerWorker.java:52)
at org.testng.SuiteRunnerWorker.run(SuiteRunnerWorker.java:95)
at org.testng.TestNG.runSuitesSequentially(TestNG.java:1274)
at org.testng.TestNG.runSuitesLocally(TestNG.java:1208)
at org.testng.TestNG.runSuites(TestNG.java:1112)
at org.testng.TestNG.run(TestNG.java:1079)
at org.testng.remote.AbstractRemoteTestNG.run(AbstractRemoteTestNG.java:115)
at org.testng.remote.RemoteTestNG.initAndRun(RemoteTestNG.java:293)
at org.testng.remote.RemoteTestNG.main(RemoteTestNG.java:91)
]]>
            </full-stacktrace>
          </exception> <!-- java.lang.AssertionError -->
          <reporter-output>
          </reporter-output>
        </test-method> <!-- verifyComposedEmailSavedInDraftFolder -->
        <test-method is-config="true" signature="tearDown(org.testng.ITestResult)[pri:0, instance:com.xgenplus.tests.ComposeMailTest@665df3c6]" started-at="2026-01-24T12:30:58 IST" name="tearDown" finished-at="2026-01-24T12:30:58 IST" duration-ms="258" status="PASS">
          <params>
            <param index="0">
              <value>
                <![CDATA[[TestResult name=verifyComposedEmailSavedInDraftFolder status=FAILURE method=ComposeMailTest.verifyComposedEmailSavedInDraftFolder()[pri:4, instance:com.xgenplus.tests.ComposeMailTest@665df3c6] output={null}]]]>
              </value>
            </param>
          </params>
          <reporter-output>
          </reporter-output>
        </test-method> <!-- tearDown -->
        <test-method is-config="true" signature="closeReport()[pri:0, instance:com.xgenplus.tests.ComposeMailTest@665df3c6]" started-at="2026-01-24T12:30:58 IST" name="closeReport" finished-at="2026-01-24T12:30:59 IST" duration-ms="381" status="PASS">
          <reporter-output>
          </reporter-output>
        </test-method> <!-- closeReport -->
      </class> <!-- com.xgenplus.tests.ComposeMailTest -->
    </test> <!-- Default test -->
  </suite> <!-- Default suite -->
</testng-results>
