<?xml version="1.0" encoding="UTF-8"?>
<testng-results ignored="0" total="1" passed="1" failed="0" skipped="0">
  <reporter-output>
  </reporter-output>
  <suite started-at="2026-01-06T15:00:29 IST" name="CrossBrowserSuite" finished-at="2026-01-06T15:00:32 IST" duration-ms="2743">
    <groups>
    </groups>
    <test started-at="2026-01-06T15:00:29 IST" name="ChromeTest" finished-at="2026-01-06T15:00:32 IST" duration-ms="2743">
      <class name="com.xgenplus.tests.LoginTest">
        <test-method is-config="true" signature="setupExtent()[pri:0, instance:com.xgenplus.tests.LoginTest@3e7634b9]" started-at="2026-01-06T15:00:29 IST" name="setupExtent" finished-at="2026-01-06T15:00:29 IST" duration-ms="150" status="PASS">
          <reporter-output>
          </reporter-output>
        </test-method> <!-- setupExtent -->
        <test-method is-config="true" signature="setUp(java.lang.String)[pri:0, instance:com.xgenplus.tests.LoginTest@3e7634b9]" started-at="2026-01-06T15:00:29 IST" name="setUp" finished-at="2026-01-06T15:00:32 IST" duration-ms="2229" status="PASS">
          <params>
            <param index="0">
              <value>
                <![CDATA[chrome]]>
              </value>
            </param>
          </params>
          <reporter-output>
          </reporter-output>
        </test-method> <!-- setUp -->
        <test-method signature="validLoginTest()[pri:1, instance:com.xgenplus.tests.LoginTest@3e7634b9]" started-at="2026-01-06T15:00:32 IST" name="validLoginTest" description="Verify login functionality with valid email and password" finished-at="2026-01-06T15:00:32 IST" duration-ms="482" status="PASS">
          <reporter-output>
          </reporter-output>
        </test-method> <!-- validLoginTest -->
        <test-method is-config="true" signature="tearDown(org.testng.ITestResult)[pri:0, instance:com.xgenplus.tests.LoginTest@3e7634b9]" started-at="2026-01-06T15:00:32 IST" name="tearDown" finished-at="2026-01-06T15:00:32 IST" duration-ms="1" status="PASS">
          <params>
            <param index="0">
              <value>
                <![CDATA[[TestResult name=validLoginTest status=SUCCESS method=LoginTest.validLoginTest()[pri:1, instance:com.xgenplus.tests.LoginTest@3e7634b9] output={null}]]]>
              </value>
            </param>
          </params>
          <reporter-output>
          </reporter-output>
        </test-method> <!-- tearDown -->
        <test-method is-config="true" signature="closeReport()[pri:0, instance:com.xgenplus.tests.LoginTest@3e7634b9]" started-at="2026-01-06T15:00:32 IST" name="closeReport" finished-at="2026-01-06T15:00:32 IST" duration-ms="271" status="PASS">
          <reporter-output>
          </reporter-output>
        </test-method> <!-- closeReport -->
      </class> <!-- com.xgenplus.tests.LoginTest -->
    </test> <!-- ChromeTest -->
  </suite> <!-- CrossBrowserSuite -->
</testng-results>
