<?xml version="1.0" encoding="UTF-8"?>
<testng-results ignored="0" total="7" passed="7" failed="0" skipped="0">
  <reporter-output>
  </reporter-output>
  <suite started-at="2026-01-10T12:08:31 IST" name="CrossBrowserSuite" finished-at="2026-01-10T12:08:52 IST" duration-ms="20395">
    <groups>
    </groups>
    <test started-at="2026-01-10T12:08:31 IST" name="ChromeTest" finished-at="2026-01-10T12:08:52 IST" duration-ms="20395">
      <class name="com.xgenplus.tests.LoginTest">
        <test-method is-config="true" signature="setupExtent()[pri:0, instance:com.xgenplus.tests.LoginTest@1a7288a3]" started-at="2026-01-10T12:08:31 IST" name="setupExtent" finished-at="2026-01-10T12:08:31 IST" duration-ms="160" status="PASS">
          <reporter-output>
          </reporter-output>
        </test-method> <!-- setupExtent -->
        <test-method is-config="true" signature="setUp(java.lang.String)[pri:0, instance:com.xgenplus.tests.LoginTest@1a7288a3]" started-at="2026-01-10T12:08:31 IST" name="setUp" finished-at="2026-01-10T12:08:33 IST" duration-ms="2080" status="PASS">
          <params>
            <param index="0">
              <value>
                <![CDATA[chrome]]>
              </value>
            </param>
          </params>
          <reporter-output>
          </reporter-output>
        </test-method> <!-- setUp -->
        <test-method signature="validLoginTest()[pri:1, instance:com.xgenplus.tests.LoginTest@1a7288a3]" started-at="2026-01-10T12:08:33 IST" name="validLoginTest" description="Verify login with valid credentials using URL validation" finished-at="2026-01-10T12:08:38 IST" duration-ms="4630" status="PASS">
          <reporter-output>
          </reporter-output>
        </test-method> <!-- validLoginTest -->
        <test-method is-config="true" signature="tearDown(org.testng.ITestResult)[pri:0, instance:com.xgenplus.tests.LoginTest@1a7288a3]" started-at="2026-01-10T12:08:38 IST" name="tearDown" finished-at="2026-01-10T12:08:38 IST" duration-ms="156" status="PASS">
          <params>
            <param index="0">
              <value>
                <![CDATA[[TestResult name=validLoginTest status=SUCCESS method=LoginTest.validLoginTest()[pri:1, instance:com.xgenplus.tests.LoginTest@1a7288a3] output={null}]]]>
              </value>
            </param>
          </params>
          <reporter-output>
          </reporter-output>
        </test-method> <!-- tearDown -->
        <test-method is-config="true" signature="setUp(java.lang.String)[pri:0, instance:com.xgenplus.tests.LoginTest@1a7288a3]" started-at="2026-01-10T12:08:38 IST" name="setUp" finished-at="2026-01-10T12:08:39 IST" duration-ms="1176" status="PASS">
          <params>
            <param index="0">
              <value>
                <![CDATA[chrome]]>
              </value>
            </param>
          </params>
          <reporter-output>
          </reporter-output>
        </test-method> <!-- setUp -->
        <test-method signature="invalidEmailLoginTest()[pri:2, instance:com.xgenplus.tests.LoginTest@1a7288a3]" started-at="2026-01-10T12:08:39 IST" name="invalidEmailLoginTest" description="Verify login with invalid email" finished-at="2026-01-10T12:08:40 IST" duration-ms="353" status="PASS">
          <reporter-output>
          </reporter-output>
        </test-method> <!-- invalidEmailLoginTest -->
        <test-method is-config="true" signature="tearDown(org.testng.ITestResult)[pri:0, instance:com.xgenplus.tests.LoginTest@1a7288a3]" started-at="2026-01-10T12:08:40 IST" name="tearDown" finished-at="2026-01-10T12:08:40 IST" duration-ms="96" status="PASS">
          <params>
            <param index="0">
              <value>
                <![CDATA[[TestResult name=invalidEmailLoginTest status=SUCCESS method=LoginTest.invalidEmailLoginTest()[pri:2, instance:com.xgenplus.tests.LoginTest@1a7288a3] output={null}]]]>
              </value>
            </param>
          </params>
          <reporter-output>
          </reporter-output>
        </test-method> <!-- tearDown -->
        <test-method is-config="true" signature="setUp(java.lang.String)[pri:0, instance:com.xgenplus.tests.LoginTest@1a7288a3]" started-at="2026-01-10T12:08:40 IST" name="setUp" finished-at="2026-01-10T12:08:42 IST" duration-ms="1885" status="PASS">
          <params>
            <param index="0">
              <value>
                <![CDATA[chrome]]>
              </value>
            </param>
          </params>
          <reporter-output>
          </reporter-output>
        </test-method> <!-- setUp -->
        <test-method signature="invalidPasswordLoginTest()[pri:3, instance:com.xgenplus.tests.LoginTest@1a7288a3]" started-at="2026-01-10T12:08:42 IST" name="invalidPasswordLoginTest" description="Verify login with valid email with invaild password" finished-at="2026-01-10T12:08:43 IST" duration-ms="1110" status="PASS">
          <reporter-output>
          </reporter-output>
        </test-method> <!-- invalidPasswordLoginTest -->
        <test-method is-config="true" signature="tearDown(org.testng.ITestResult)[pri:0, instance:com.xgenplus.tests.LoginTest@1a7288a3]" started-at="2026-01-10T12:08:43 IST" name="tearDown" finished-at="2026-01-10T12:08:43 IST" duration-ms="120" status="PASS">
          <params>
            <param index="0">
              <value>
                <![CDATA[[TestResult name=invalidPasswordLoginTest status=SUCCESS method=LoginTest.invalidPasswordLoginTest()[pri:3, instance:com.xgenplus.tests.LoginTest@1a7288a3] output={null}]]]>
              </value>
            </param>
          </params>
          <reporter-output>
          </reporter-output>
        </test-method> <!-- tearDown -->
        <test-method is-config="true" signature="closeReport()[pri:0, instance:com.xgenplus.tests.LoginTest@1a7288a3]" started-at="2026-01-10T12:08:52 IST" name="closeReport" finished-at="2026-01-10T12:08:52 IST" duration-ms="259" status="PASS">
          <reporter-output>
          </reporter-output>
        </test-method> <!-- closeReport -->
      </class> <!-- com.xgenplus.tests.LoginTest -->
      <class name="com.xgenplus.tests.ForgotEmailTest">
        <test-method is-config="true" signature="setUp(java.lang.String)[pri:0, instance:com.xgenplus.tests.ForgotEmailTest@68b6f0d6]" started-at="2026-01-10T12:08:43 IST" name="setUp" finished-at="2026-01-10T12:08:44 IST" duration-ms="1355" status="PASS">
          <params>
            <param index="0">
              <value>
                <![CDATA[chrome]]>
              </value>
            </param>
          </params>
          <reporter-output>
          </reporter-output>
        </test-method> <!-- setUp -->
        <test-method signature="testForgotEmailWithoutMobileNumber()[pri:4, instance:com.xgenplus.tests.ForgotEmailTest@68b6f0d6]" started-at="2026-01-10T12:08:44 IST" name="testForgotEmailWithoutMobileNumber" description="Verify error message when mobile number is not provided" finished-at="2026-01-10T12:08:45 IST" duration-ms="1025" status="PASS">
          <reporter-output>
          </reporter-output>
        </test-method> <!-- testForgotEmailWithoutMobileNumber -->
        <test-method is-config="true" signature="tearDown(org.testng.ITestResult)[pri:0, instance:com.xgenplus.tests.ForgotEmailTest@68b6f0d6]" started-at="2026-01-10T12:08:45 IST" name="tearDown" finished-at="2026-01-10T12:08:45 IST" duration-ms="110" status="PASS">
          <params>
            <param index="0">
              <value>
                <![CDATA[[TestResult name=testForgotEmailWithoutMobileNumber status=SUCCESS method=ForgotEmailTest.testForgotEmailWithoutMobileNumber()[pri:4, instance:com.xgenplus.tests.ForgotEmailTest@68b6f0d6] output={null}]]]>
              </value>
            </param>
          </params>
          <reporter-output>
          </reporter-output>
        </test-method> <!-- tearDown -->
        <test-method is-config="true" signature="setUp(java.lang.String)[pri:0, instance:com.xgenplus.tests.ForgotEmailTest@68b6f0d6]" started-at="2026-01-10T12:08:45 IST" name="setUp" finished-at="2026-01-10T12:08:47 IST" duration-ms="1291" status="PASS">
          <params>
            <param index="0">
              <value>
                <![CDATA[chrome]]>
              </value>
            </param>
          </params>
          <reporter-output>
          </reporter-output>
        </test-method> <!-- setUp -->
        <test-method signature="testForgotEmailWithInvalidMobileNumber()[pri:5, instance:com.xgenplus.tests.ForgotEmailTest@68b6f0d6]" started-at="2026-01-10T12:08:47 IST" name="testForgotEmailWithInvalidMobileNumber" description="Verify error message for non-existent mobile number" finished-at="2026-01-10T12:08:47 IST" duration-ms="677" status="PASS">
          <reporter-output>
          </reporter-output>
        </test-method> <!-- testForgotEmailWithInvalidMobileNumber -->
        <test-method is-config="true" signature="tearDown(org.testng.ITestResult)[pri:0, instance:com.xgenplus.tests.ForgotEmailTest@68b6f0d6]" started-at="2026-01-10T12:08:47 IST" name="tearDown" finished-at="2026-01-10T12:08:47 IST" duration-ms="124" status="PASS">
          <params>
            <param index="0">
              <value>
                <![CDATA[[TestResult name=testForgotEmailWithInvalidMobileNumber status=SUCCESS method=ForgotEmailTest.testForgotEmailWithInvalidMobileNumber()[pri:5, instance:com.xgenplus.tests.ForgotEmailTest@68b6f0d6] output={null}]]]>
              </value>
            </param>
          </params>
          <reporter-output>
          </reporter-output>
        </test-method> <!-- tearDown -->
        <test-method is-config="true" signature="setUp(java.lang.String)[pri:0, instance:com.xgenplus.tests.ForgotEmailTest@68b6f0d6]" started-at="2026-01-10T12:08:47 IST" name="setUp" finished-at="2026-01-10T12:08:49 IST" duration-ms="1244" status="PASS">
          <params>
            <param index="0">
              <value>
                <![CDATA[chrome]]>
              </value>
            </param>
          </params>
          <reporter-output>
          </reporter-output>
        </test-method> <!-- setUp -->
        <test-method signature="testForgotEmailWithLongMobileNumber()[pri:6, instance:com.xgenplus.tests.ForgotEmailTest@68b6f0d6]" started-at="2026-01-10T12:08:49 IST" name="testForgotEmailWithLongMobileNumber" description="Verify error message for mobile number exceeding 10 digits" finished-at="2026-01-10T12:08:49 IST" duration-ms="640" status="PASS">
          <reporter-output>
          </reporter-output>
        </test-method> <!-- testForgotEmailWithLongMobileNumber -->
        <test-method is-config="true" signature="tearDown(org.testng.ITestResult)[pri:0, instance:com.xgenplus.tests.ForgotEmailTest@68b6f0d6]" started-at="2026-01-10T12:08:49 IST" name="tearDown" finished-at="2026-01-10T12:08:49 IST" duration-ms="110" status="PASS">
          <params>
            <param index="0">
              <value>
                <![CDATA[[TestResult name=testForgotEmailWithLongMobileNumber status=SUCCESS method=ForgotEmailTest.testForgotEmailWithLongMobileNumber()[pri:6, instance:com.xgenplus.tests.ForgotEmailTest@68b6f0d6] output={null}]]]>
              </value>
            </param>
          </params>
          <reporter-output>
          </reporter-output>
        </test-method> <!-- tearDown -->
        <test-method is-config="true" signature="setUp(java.lang.String)[pri:0, instance:com.xgenplus.tests.ForgotEmailTest@68b6f0d6]" started-at="2026-01-10T12:08:49 IST" name="setUp" finished-at="2026-01-10T12:08:51 IST" duration-ms="1343" status="PASS">
          <params>
            <param index="0">
              <value>
                <![CDATA[chrome]]>
              </value>
            </param>
          </params>
          <reporter-output>
          </reporter-output>
        </test-method> <!-- setUp -->
        <test-method signature="testForgotEmailWithAlphabetsInMobile()[pri:7, instance:com.xgenplus.tests.ForgotEmailTest@68b6f0d6]" started-at="2026-01-10T12:08:51 IST" name="testForgotEmailWithAlphabetsInMobile" description="Verify error message for mobile number containing alphabets" finished-at="2026-01-10T12:08:51 IST" duration-ms="640" status="PASS">
          <reporter-output>
          </reporter-output>
        </test-method> <!-- testForgotEmailWithAlphabetsInMobile -->
        <test-method is-config="true" signature="tearDown(org.testng.ITestResult)[pri:0, instance:com.xgenplus.tests.ForgotEmailTest@68b6f0d6]" started-at="2026-01-10T12:08:51 IST" name="tearDown" finished-at="2026-01-10T12:08:52 IST" duration-ms="184" status="PASS">
          <params>
            <param index="0">
              <value>
                <![CDATA[[TestResult name=testForgotEmailWithAlphabetsInMobile status=SUCCESS method=ForgotEmailTest.testForgotEmailWithAlphabetsInMobile()[pri:7, instance:com.xgenplus.tests.ForgotEmailTest@68b6f0d6] output={null}]]]>
              </value>
            </param>
          </params>
          <reporter-output>
          </reporter-output>
        </test-method> <!-- tearDown -->
      </class> <!-- com.xgenplus.tests.ForgotEmailTest -->
    </test> <!-- ChromeTest -->
  </suite> <!-- CrossBrowserSuite -->
</testng-results>
