<?xml version="1.0" encoding="UTF-8"?>
<!-- Generated by org.testng.reporters.JUnitReportReporter -->
<testsuite hostname="DESKTOP-56R6G1O" failures="0" tests="8" name="com.xgenplus.tests.ForgotPasswordTest" time="36.849" errors="0" timestamp="2026-01-19T12:11:13 IST" skipped="0">
  <testcase classname="com.xgenplus.tests.ForgotPasswordTest" name="verifyResetPasswordViaEmail" time="5.521"/>
  <testcase classname="com.xgenplus.tests.ForgotPasswordTest" name="verifySuccessfulPasswordResetUsingSecurityQuestions" time="6.002"/>
  <testcase classname="com.xgenplus.tests.ForgotPasswordTest" name="verifyErrorWhenPasswordIsMissing" time="3.928"/>
  <testcase classname="com.xgenplus.tests.ForgotPasswordTest" name="verifyErrorForPasswordMismatch" time="4.938"/>
  <testcase classname="com.xgenplus.tests.ForgotPasswordTest" name="verifyErrorWhenSecurityAnswersAreBlank" time="4.129"/>
  <testcase classname="com.xgenplus.tests.ForgotPasswordTest" name="verifyErrorWhenCityNameIsBlank" time="3.716"/>
  <testcase classname="com.xgenplus.tests.ForgotPasswordTest" name="verifyErrorWhenCountryNameIsBlank" time="4.195"/>
  <testcase classname="com.xgenplus.tests.ForgotPasswordTest" name="verifyErrorForIncorrectSecurityAnswers" time="4.420"/>
</testsuite> <!-- com.xgenplus.tests.ForgotPasswordTest -->
