<?xml version="1.0" encoding="UTF-8"?>
<!-- Generated by org.testng.reporters.JUnitReportReporter -->
<testsuite hostname="DESKTOP-56R6G1O" failures="0" tests="3" name="com.xgenplus.tests.LoginTest" time="10.543" errors="0" timestamp="2026-01-12T16:05:35 IST" skipped="0">
  <testcase classname="com.xgenplus.tests.LoginTest" name="validLoginTest" time="6.181"/>
  <testcase classname="com.xgenplus.tests.LoginTest" name="invalidEmailLoginTest" time="1.682"/>
  <testcase classname="com.xgenplus.tests.LoginTest" name="invalidPasswordLoginTest" time="2.680"/>
</testsuite> <!-- com.xgenplus.tests.LoginTest -->
