<?xml version="1.0" encoding="UTF-8"?>
<!-- Generated by org.testng.reporters.JUnitReportReporter -->
<testsuite hostname="DESKTOP-56R6G1O" failures="0" tests="4" name="com.xgenplus.tests.ForgotEmailTest" time="11.002" errors="0" timestamp="2026-01-30T16:40:09 IST" skipped="0">
  <testcase classname="com.xgenplus.tests.ForgotEmailTest" name="testForgotEmailWithoutMobileNumber" time="1.851"/>
  <testcase classname="com.xgenplus.tests.ForgotEmailTest" name="testForgotEmailWithInvalidMobileNumber" time="3.417"/>
  <testcase classname="com.xgenplus.tests.ForgotEmailTest" name="testForgotEmailWithLongMobileNumber" time="4.101"/>
  <testcase classname="com.xgenplus.tests.ForgotEmailTest" name="testForgotEmailWithAlphabetsInMobile" time="1.633"/>
</testsuite> <!-- com.xgenplus.tests.ForgotEmailTest -->
