<?xml version="1.0" encoding="UTF-8"?>
<!-- Generated by org.testng.reporters.JUnitReportReporter -->
<testsuite hostname="DESKTOP-56R6G1O" failures="0" tests="3" name="com.xgenplus.tests.LoginTest" time="11.606" errors="0" timestamp="2026-01-10T12:08:52 IST" skipped="0">
  <testcase classname="com.xgenplus.tests.LoginTest" name="validLoginTest" time="6.671"/>
  <testcase classname="com.xgenplus.tests.LoginTest" name="invalidEmailLoginTest" time="2.529"/>
  <testcase classname="com.xgenplus.tests.LoginTest" name="invalidPasswordLoginTest" time="2.406"/>
</testsuite> <!-- com.xgenplus.tests.LoginTest -->
