<?xml version="1.0" encoding="UTF-8"?>
<!-- Generated by org.testng.reporters.JUnitReportReporter -->
<testsuite hostname="DESKTOP-56R6G1O" failures="0" tests="4" name="com.xgenplus.tests.ForgotEmailTest" time="8.743" errors="0" timestamp="2026-01-10T12:08:52 IST" skipped="0">
  <testcase classname="com.xgenplus.tests.ForgotEmailTest" name="testForgotEmailWithoutMobileNumber" time="2.440"/>
  <testcase classname="com.xgenplus.tests.ForgotEmailTest" name="testForgotEmailWithInvalidMobileNumber" time="2.142"/>
  <testcase classname="com.xgenplus.tests.ForgotEmailTest" name="testForgotEmailWithLongMobileNumber" time="1.994"/>
  <testcase classname="com.xgenplus.tests.ForgotEmailTest" name="testForgotEmailWithAlphabetsInMobile" time="2.167"/>
</testsuite> <!-- com.xgenplus.tests.ForgotEmailTest -->
