<?xml version="1.0" encoding="UTF-8"?>
<!-- Generated by org.testng.reporters.JUnitReportReporter -->
<testsuite hostname="DESKTOP-56R6G1O" failures="0" tests="8" name="com.xgenplus.tests.ForgotPasswordTest" time="38.340" errors="0" timestamp="2026-01-13T16:06:20 IST" skipped="0">
  <testcase classname="com.xgenplus.tests.ForgotPasswordTest" name="verifyResetPasswordViaEmail" time="4.751"/>
  <testcase classname="com.xgenplus.tests.ForgotPasswordTest" name="verifySuccessfulPasswordResetUsingSecurityQuestions" time="7.657"/>
  <testcase classname="com.xgenplus.tests.ForgotPasswordTest" name="verifyErrorWhenPasswordIsMissing" time="5.065"/>
  <testcase classname="com.xgenplus.tests.ForgotPasswordTest" name="verifyErrorForPasswordMismatch" time="4.682"/>
  <testcase classname="com.xgenplus.tests.ForgotPasswordTest" name="verifyErrorWhenSecurityAnswersAreBlank" time="3.901"/>
  <testcase classname="com.xgenplus.tests.ForgotPasswordTest" name="verifyErrorWhenCityNameIsBlank" time="4.054"/>
  <testcase classname="com.xgenplus.tests.ForgotPasswordTest" name="verifyErrorWhenCountryNameIsBlank" time="3.914"/>
  <testcase classname="com.xgenplus.tests.ForgotPasswordTest" name="verifyErrorForIncorrectSecurityAnswers" time="4.316"/>
</testsuite> <!-- com.xgenplus.tests.ForgotPasswordTest -->
