<?xml version="1.0" encoding="UTF-8"?>
<!-- Generated by org.testng.reporters.JUnitXMLReporter -->
<testsuite ignored="6" hostname="DESKTOP-56R6G1O" failures="1" tests="19" name="ChromeTest" time="276.354" errors="0" timestamp="2026-01-30T16:40:09 IST">
  <testcase classname="com.xgenplus.tests.LoginTest" name="validLoginTest" time="6.582"/>
  <testcase classname="com.xgenplus.tests.LoginTest" name="invalidEmailLoginTest" time="0.306"/>
  <testcase classname="com.xgenplus.tests.LoginTest" name="invalidPasswordLoginTest" time="1.153"/>
  <testcase classname="com.xgenplus.tests.ForgotEmailTest" name="testForgotEmailWithoutMobileNumber" time="1.046"/>
  <testcase classname="com.xgenplus.tests.ForgotEmailTest" name="testForgotEmailWithInvalidMobileNumber" time="1.069"/>
  <testcase classname="com.xgenplus.tests.ForgotEmailTest" name="testForgotEmailWithLongMobileNumber" time="1.149"/>
  <testcase classname="com.xgenplus.tests.ForgotEmailTest" name="testForgotEmailWithAlphabetsInMobile" time="0.68"/>
  <testcase classname="com.xgenplus.tests.ForgotPasswordTest" name="verifyResetPasswordViaEmail" time="2.578"/>
  <testcase classname="com.xgenplus.tests.ForgotPasswordTest" name="verifySuccessfulPasswordResetUsingSecurityQuestions" time="4.16"/>
  <testcase classname="com.xgenplus.tests.ForgotPasswordTest" name="verifyErrorWhenPasswordIsMissing" time="3.347"/>
  <testcase classname="com.xgenplus.tests.ForgotPasswordTest" name="verifyErrorForPasswordMismatch" time="3.558"/>
  <testcase classname="com.xgenplus.tests.ForgotPasswordTest" name="verifyErrorWhenSecurityAnswersAreBlank" time="2.295"/>
  <testcase classname="com.xgenplus.tests.ForgotPasswordTest" name="verifyErrorWhenCityNameIsBlank" time="2.693"/>
  <testcase classname="com.xgenplus.tests.ForgotPasswordTest" name="verifyErrorWhenCountryNameIsBlank" time="2.504"/>
  <testcase classname="com.xgenplus.tests.ForgotPasswordTest" name="verifyErrorForIncorrectSecurityAnswers" time="2.633"/>
  <testcase classname="com.xgenplus.tests.ComposeMailTest" name="verifyComposeWindowOpens" time="14.937"/>
  <testcase classname="com.xgenplus.tests.ComposeMailTest" name="verifySendMailWithAllFields" time="57.671"/>
  <testcase classname="com.xgenplus.tests.ComposeMailTest" name="verifyComposeEmailInSentFolderWithCorrectContent" time="96.032">
    <failure type="org.openqa.selenium.NoSuchElementException" message="no such element: Unable to locate element: {&amp;quot;method&amp;quot;:&amp;quot;xpath&amp;quot;,&amp;quot;selector&amp;quot;:&amp;quot;//div[@class=&amp;apos;guided-tour-step-tooltip guided-tour-arrow-top&amp;apos;]//span[@title=&amp;apos;End tour&amp;apos;]//*[name()=&amp;apos;svg&amp;apos;]&amp;quot;}
  (Session info: chrome=144.0.7559.109)
For documentation on this error, please visit: https://www.selenium.dev/documentation/webdriver/troubleshooting/errors#nosuchelementexception
Build info: version: &amp;apos;4.40.0&amp;apos;, revision: &amp;apos;b3333f1&amp;apos;
System info: os.name: &amp;apos;Windows 11&amp;apos;, os.arch: &amp;apos;amd64&amp;apos;, os.version: &amp;apos;10.0&amp;apos;, java.version: &amp;apos;17.0.12&amp;apos;
Driver info: org.openqa.selenium.chrome.ChromeDriver
Command: [7fdf15dc5f4e808af6367a7b778ab17c, findElement {using=xpath, value=//div[@class=&amp;apos;guided-tour-step-tooltip guided-tour-arrow-top&amp;apos;]//span[@title=&amp;apos;End tour&amp;apos;]//*[name()=&amp;apos;svg&amp;apos;]}]
Capabilities {acceptInsecureCerts: false, browserName: chrome, browserVersion: 144.0.7559.109, chrome: {chromedriverVersion: 144.0.7559.109 (6a8d5e49388..., userDataDir: C:\Users\HP\AppData\Local\T...}, fedcm:accounts: true, goog:chromeOptions: {debuggerAddress: localhost:56959}, goog:processID: 10804, networkConnectionEnabled: false, pageLoadStrategy: normal, platformName: windows, proxy: Proxy(), se:cdp: ws://localhost:56959/devtoo..., se:cdpVersion: 144.0.7559.109, setWindowRect: true, strictFileInteractability: false, timeouts: {implicit: 0, pageLoad: 300000, script: 30000}, unhandledPromptBehavior: dismiss and notify, webauthn:extension:credBlob: true, webauthn:extension:largeBlob: true, webauthn:extension:minPinLength: true, webauthn:extension:prf: true, webauthn:virtualAuthenticators: true}
Session ID: 7fdf15dc5f4e808af6367a7b778ab17c">
      <![CDATA[org.openqa.selenium.NoSuchElementException: no such element: Unable to locate element: {"method":"xpath","selector":"//div[@class='guided-tour-step-tooltip guided-tour-arrow-top']//span[@title='End tour']//*[name()='svg']"}
  (Session info: chrome=144.0.7559.109)
For documentation on this error, please visit: https://www.selenium.dev/documentation/webdriver/troubleshooting/errors#nosuchelementexception
Build info: version: '4.40.0', revision: 'b3333f1'
System info: os.name: 'Windows 11', os.arch: 'amd64', os.version: '10.0', java.version: '17.0.12'
Driver info: org.openqa.selenium.chrome.ChromeDriver
Command: [7fdf15dc5f4e808af6367a7b778ab17c, findElement {using=xpath, value=//div[@class='guided-tour-step-tooltip guided-tour-arrow-top']//span[@title='End tour']//*[name()='svg']}]
Capabilities {acceptInsecureCerts: false, browserName: chrome, browserVersion: 144.0.7559.109, chrome: {chromedriverVersion: 144.0.7559.109 (6a8d5e49388..., userDataDir: C:\Users\HP\AppData\Local\T...}, fedcm:accounts: true, goog:chromeOptions: {debuggerAddress: localhost:56959}, goog:processID: 10804, networkConnectionEnabled: false, pageLoadStrategy: normal, platformName: windows, proxy: Proxy(), se:cdp: ws://localhost:56959/devtoo..., se:cdpVersion: 144.0.7559.109, setWindowRect: true, strictFileInteractability: false, timeouts: {implicit: 0, pageLoad: 300000, script: 30000}, unhandledPromptBehavior: dismiss and notify, webauthn:extension:credBlob: true, webauthn:extension:largeBlob: true, webauthn:extension:minPinLength: true, webauthn:extension:prf: true, webauthn:virtualAuthenticators: true}
Session ID: 7fdf15dc5f4e808af6367a7b778ab17c
at org.openqa.selenium.remote.ErrorCodec.decode(ErrorCodec.java:169)
at org.openqa.selenium.remote.codec.w3c.W3CHttpResponseCodec.decode(W3CHttpResponseCodec.java:142)
at org.openqa.selenium.remote.codec.w3c.W3CHttpResponseCodec.decode(W3CHttpResponseCodec.java:49)
at org.openqa.selenium.remote.HttpCommandExecutor.execute(HttpCommandExecutor.java:223)
at org.openqa.selenium.remote.service.DriverCommandExecutor.invokeExecute(DriverCommandExecutor.java:216)
at org.openqa.selenium.remote.service.DriverCommandExecutor.execute(DriverCommandExecutor.java:174)
at org.openqa.selenium.remote.RemoteWebDriver.execute(RemoteWebDriver.java:601)
at org.openqa.selenium.remote.ElementLocation$ElementFinder$2.findElement(ElementLocation.java:166)
at org.openqa.selenium.remote.ElementLocation.findElement(ElementLocation.java:60)
at org.openqa.selenium.remote.RemoteWebDriver.findElement(RemoteWebDriver.java:424)
at org.openqa.selenium.remote.RemoteWebDriver.findElement(RemoteWebDriver.java:418)
at org.openqa.selenium.support.pagefactory.DefaultElementLocator.findElement(DefaultElementLocator.java:68)
at org.openqa.selenium.support.pagefactory.internal.LocatingElementHandler.invoke(LocatingElementHandler.java:38)
at jdk.proxy2/jdk.proxy2.$Proxy32.getWrappedElement(Unknown Source)
at org.openqa.selenium.remote.WebElementToJsonConverter.apply(WebElementToJsonConverter.java:48)
at java.base/java.util.stream.ReferencePipeline$3$1.accept(ReferencePipeline.java:197)
at java.base/java.util.Spliterators$ArraySpliterator.forEachRemaining(Spliterators.java:992)
at java.base/java.util.stream.AbstractPipeline.copyInto(AbstractPipeline.java:509)
at java.base/java.util.stream.AbstractPipeline.wrapAndCopyInto(AbstractPipeline.java:499)
at java.base/java.util.stream.ReduceOps$ReduceOp.evaluateSequential(ReduceOps.java:921)
at java.base/java.util.stream.AbstractPipeline.evaluate(AbstractPipeline.java:234)
at java.base/java.util.stream.ReferencePipeline.collect(ReferencePipeline.java:682)
at org.openqa.selenium.remote.RemoteWebDriver.executeScript(RemoteWebDriver.java:530)
at com.xgenplus.pages.ComposeMailPage.waitAndClick(ComposeMailPage.java:161)
at com.xgenplus.pages.ComposeMailPage.clickGuidedTourIconbtn(ComposeMailPage.java:356)
at com.xgenplus.tests.ComposeMailTest.verifyComposeEmailInSentFolderWithCorrectContent(ComposeMailTest.java:266)
at java.base/java.util.ArrayList.forEach(ArrayList.java:1511)
... Removed 27 stack frames]]>
    </failure>
  </testcase> <!-- verifyComposeEmailInSentFolderWithCorrectContent -->
  <testcase classname="com.xgenplus.tests.ComposeMailTest" name="verifyComposedEmailSavedInDraftFolder" time="41.053"/>
  <testcase classname="com.xgenplus.base.BaseClass" name="@AfterSuite closeReport" time="0.0">
    <ignored/>
  </testcase> <!-- @AfterSuite closeReport -->
  <testcase classname="com.xgenplus.base.BaseClass" name="@BeforeSuite setupExtent" time="0.0">
    <ignored/>
  </testcase> <!-- @BeforeSuite setupExtent -->
  <testcase classname="com.xgenplus.base.BaseClass" name="@AfterSuite closeReport" time="0.0">
    <ignored/>
  </testcase> <!-- @AfterSuite closeReport -->
  <testcase classname="com.xgenplus.base.BaseClass" name="@AfterSuite closeReport" time="0.0">
    <ignored/>
  </testcase> <!-- @AfterSuite closeReport -->
  <testcase classname="com.xgenplus.base.BaseClass" name="@BeforeSuite setupExtent" time="0.0">
    <ignored/>
  </testcase> <!-- @BeforeSuite setupExtent -->
  <testcase classname="com.xgenplus.base.BaseClass" name="@BeforeSuite setupExtent" time="0.0">
    <ignored/>
  </testcase> <!-- @BeforeSuite setupExtent -->
</testsuite> <!-- ChromeTest -->
