<?xml version="1.0" encoding="UTF-8"?>
<!-- Generated by org.testng.reporters.JUnitXMLReporter -->
<testsuite ignored="6" hostname="DESKTOP-56R6G1O" failures="2" tests="19" name="ChromeTest" time="281.312" errors="0" timestamp="2026-02-05T17:22:12 IST">
  <testcase classname="com.xgenplus.tests.LoginTest" name="validLoginTest" time="31.119"/>
  <testcase classname="com.xgenplus.tests.LoginTest" name="invalidEmailLoginTest" time="0.813"/>
  <testcase classname="com.xgenplus.tests.LoginTest" name="invalidPasswordLoginTest" time="2.999"/>
  <testcase classname="com.xgenplus.tests.ForgotEmailTest" name="testForgotEmailWithoutMobileNumber" time="0.975"/>
  <testcase classname="com.xgenplus.tests.ForgotEmailTest" name="testForgotEmailWithInvalidMobileNumber" time="0.581"/>
  <testcase classname="com.xgenplus.tests.ForgotEmailTest" name="testForgotEmailWithLongMobileNumber" time="1.092"/>
  <testcase classname="com.xgenplus.tests.ForgotEmailTest" name="testForgotEmailWithAlphabetsInMobile" time="1.038"/>
  <testcase classname="com.xgenplus.tests.ForgotPasswordTest" name="verifyResetPasswordViaEmail" time="2.678"/>
  <testcase classname="com.xgenplus.tests.ForgotPasswordTest" name="verifySuccessfulPasswordResetUsingSecurityQuestions" time="3.984"/>
  <testcase classname="com.xgenplus.tests.ForgotPasswordTest" name="verifyErrorWhenPasswordIsMissing" time="3.196"/>
  <testcase classname="com.xgenplus.tests.ForgotPasswordTest" name="verifyErrorForPasswordMismatch" time="3.455"/>
  <testcase classname="com.xgenplus.tests.ForgotPasswordTest" name="verifyErrorWhenSecurityAnswersAreBlank" time="2.179"/>
  <testcase classname="com.xgenplus.tests.ForgotPasswordTest" name="verifyErrorWhenCityNameIsBlank" time="2.987"/>
  <testcase classname="com.xgenplus.tests.ForgotPasswordTest" name="verifyErrorWhenCountryNameIsBlank" time="2.909"/>
  <testcase classname="com.xgenplus.tests.ForgotPasswordTest" name="verifyErrorForIncorrectSecurityAnswers" time="3.198"/>
  <testcase classname="com.xgenplus.tests.ComposeMailTest" name="verifyComposeWindowOpens" time="7.842"/>
  <testcase classname="com.xgenplus.tests.ComposeMailTest" name="verifySendMailWithAllFields" time="76.01">
    <failure type="org.openqa.selenium.TimeoutException" message="Expected condition failed: waiting for visibility of Proxy element for: DefaultElementLocator &amp;apos;By.xpath: //div[contains(@class,&amp;apos;toast-message&amp;apos;)]&amp;apos;
(tried for 30 seconds with 500 milliseconds interval)">
      <![CDATA[org.openqa.selenium.TimeoutException: Expected condition failed: waiting for visibility of Proxy element for: DefaultElementLocator 'By.xpath: //div[contains(@class,'toast-message')]'
(tried for 30 seconds with 500 milliseconds interval)
at org.openqa.selenium.support.ui.WebDriverWait.timeoutException(WebDriverWait.java:84)
at org.openqa.selenium.support.ui.FluentWait.until(FluentWait.java:231)
at com.xgenplus.pages.ComposeMailPage.getToastMessageAndWaitToDisappear(ComposeMailPage.java:386)
at com.xgenplus.tests.ComposeMailTest.verifySendMailWithAllFields(ComposeMailTest.java:116)
at java.base/java.util.ArrayList.forEach(ArrayList.java:1511)
Caused by: org.openqa.selenium.NoSuchElementException: no such element: Unable to locate element: {"method":"xpath","selector":"//div[contains(@class,'toast-message')]"}
  (Session info: chrome=144.0.7559.110)
For documentation on this error, please visit: https://www.selenium.dev/documentation/webdriver/troubleshooting/errors#nosuchelementexception
Build info: version: '4.40.0', revision: 'b3333f1'
System info: os.name: 'Windows 11', os.arch: 'amd64', os.version: '10.0', java.version: '17.0.12'
Driver info: org.openqa.selenium.chrome.ChromeDriver
Command: [6ee3e4c44df893b262e22b8979d454dc, findElement {value=//div[contains(@class,'toast-message')], using=xpath}]
Capabilities {acceptInsecureCerts: false, browserName: chrome, browserVersion: 144.0.7559.110, chrome: {chromedriverVersion: 144.0.7559.133 (7da823b1d59..., userDataDir: C:\Users\HP\AppData\Local\T...}, fedcm:accounts: true, goog:chromeOptions: {debuggerAddress: localhost:59531}, goog:processID: 7632, networkConnectionEnabled: false, pageLoadStrategy: normal, platformName: windows, proxy: Proxy(), se:cdp: ws://localhost:59531/devtoo..., se:cdpVersion: 144.0.7559.110, setWindowRect: true, strictFileInteractability: false, timeouts: {implicit: 0, pageLoad: 300000, script: 30000}, unhandledPromptBehavior: dismiss and notify, webauthn:extension:credBlob: true, webauthn:extension:largeBlob: true, webauthn:extension:minPinLength: true, webauthn:extension:prf: true, webauthn:virtualAuthenticators: true}
Session ID: 6ee3e4c44df893b262e22b8979d454dc
at org.openqa.selenium.remote.ErrorCodec.decode(ErrorCodec.java:169)
at org.openqa.selenium.remote.codec.w3c.W3CHttpResponseCodec.decode(W3CHttpResponseCodec.java:142)
at org.openqa.selenium.remote.codec.w3c.W3CHttpResponseCodec.decode(W3CHttpResponseCodec.java:49)
at org.openqa.selenium.remote.HttpCommandExecutor.execute(HttpCommandExecutor.java:223)
at org.openqa.selenium.remote.service.DriverCommandExecutor.invokeExecute(DriverCommandExecutor.java:216)
at org.openqa.selenium.remote.service.DriverCommandExecutor.execute(DriverCommandExecutor.java:174)
at org.openqa.selenium.remote.RemoteWebDriver.execute(RemoteWebDriver.java:601)
at org.openqa.selenium.remote.ElementLocation$ElementFinder$2.findElement(ElementLocation.java:166)
at org.openqa.selenium.remote.ElementLocation.findElement(ElementLocation.java:60)
at org.openqa.selenium.remote.RemoteWebDriver.findElement(RemoteWebDriver.java:424)
at org.openqa.selenium.remote.RemoteWebDriver.findElement(RemoteWebDriver.java:418)
at org.openqa.selenium.support.pagefactory.DefaultElementLocator.findElement(DefaultElementLocator.java:68)
at org.openqa.selenium.support.pagefactory.internal.LocatingElementHandler.invoke(LocatingElementHandler.java:38)
at jdk.proxy2/jdk.proxy2.$Proxy32.isDisplayed(Unknown Source)
at org.openqa.selenium.support.ui.ExpectedConditions.elementIfVisible(ExpectedConditions.java:367)
at org.openqa.selenium.support.ui.ExpectedConditions$10.apply(ExpectedConditions.java:353)
at org.openqa.selenium.support.ui.ExpectedConditions$10.apply(ExpectedConditions.java:350)
at org.openqa.selenium.support.ui.FluentWait.until(FluentWait.java:207)
... 30 more
... Removed 27 stack frames]]>
    </failure>
  </testcase> <!-- verifySendMailWithAllFields -->
  <testcase classname="com.xgenplus.tests.ComposeMailTest" name="verifyComposeEmailInSentFolderWithCorrectContent" time="33.103"/>
  <testcase classname="com.xgenplus.tests.ComposeMailTest" name="verifyComposedEmailSavedInDraftFolder" time="71.803">
    <failure type="org.openqa.selenium.TimeoutException" message="Expected condition failed: waiting for visibility of Proxy element for: DefaultElementLocator &amp;apos;By.xpath: //div[@aria-label=&amp;apos;Editor editing area: main. Press Alt+0 for help.&amp;apos;]&amp;apos;
(tried for 30 seconds with 500 milliseconds interval)">
      <![CDATA[org.openqa.selenium.TimeoutException: Expected condition failed: waiting for visibility of Proxy element for: DefaultElementLocator 'By.xpath: //div[@aria-label='Editor editing area: main. Press Alt+0 for help.']'
(tried for 30 seconds with 500 milliseconds interval)
at org.openqa.selenium.support.ui.WebDriverWait.timeoutException(WebDriverWait.java:84)
at org.openqa.selenium.support.ui.FluentWait.until(FluentWait.java:231)
at com.xgenplus.pages.ComposeMailPage.waitAndSendKeys(ComposeMailPage.java:166)
at com.xgenplus.pages.ComposeMailPage.enterBodyText(ComposeMailPage.java:275)
at com.xgenplus.tests.ComposeMailTest.verifyComposedEmailSavedInDraftFolder(ComposeMailTest.java:313)
at java.base/java.util.ArrayList.forEach(ArrayList.java:1511)
Caused by: org.openqa.selenium.NoSuchElementException: no such element: Unable to locate element: {"method":"xpath","selector":"//div[@aria-label='Editor editing area: main. Press Alt+0 for help.']"}
  (Session info: chrome=144.0.7559.110)
For documentation on this error, please visit: https://www.selenium.dev/documentation/webdriver/troubleshooting/errors#nosuchelementexception
Build info: version: '4.40.0', revision: 'b3333f1'
System info: os.name: 'Windows 11', os.arch: 'amd64', os.version: '10.0', java.version: '17.0.12'
Driver info: org.openqa.selenium.chrome.ChromeDriver
Command: [175cda8759bcd30a116784d64dfe6abf, findElement {value=//div[@aria-label='Editor editing area: main. Press Alt+0 for help.'], using=xpath}]
Capabilities {acceptInsecureCerts: false, browserName: chrome, browserVersion: 144.0.7559.110, chrome: {chromedriverVersion: 144.0.7559.133 (7da823b1d59..., userDataDir: C:\Users\HP\AppData\Local\T...}, fedcm:accounts: true, goog:chromeOptions: {debuggerAddress: localhost:55148}, goog:processID: 10092, networkConnectionEnabled: false, pageLoadStrategy: normal, platformName: windows, proxy: Proxy(), se:cdp: ws://localhost:55148/devtoo..., se:cdpVersion: 144.0.7559.110, setWindowRect: true, strictFileInteractability: false, timeouts: {implicit: 0, pageLoad: 300000, script: 30000}, unhandledPromptBehavior: dismiss and notify, webauthn:extension:credBlob: true, webauthn:extension:largeBlob: true, webauthn:extension:minPinLength: true, webauthn:extension:prf: true, webauthn:virtualAuthenticators: true}
Session ID: 175cda8759bcd30a116784d64dfe6abf
at org.openqa.selenium.remote.ErrorCodec.decode(ErrorCodec.java:169)
at org.openqa.selenium.remote.codec.w3c.W3CHttpResponseCodec.decode(W3CHttpResponseCodec.java:142)
at org.openqa.selenium.remote.codec.w3c.W3CHttpResponseCodec.decode(W3CHttpResponseCodec.java:49)
at org.openqa.selenium.remote.HttpCommandExecutor.execute(HttpCommandExecutor.java:223)
at org.openqa.selenium.remote.service.DriverCommandExecutor.invokeExecute(DriverCommandExecutor.java:216)
at org.openqa.selenium.remote.service.DriverCommandExecutor.execute(DriverCommandExecutor.java:174)
at org.openqa.selenium.remote.RemoteWebDriver.execute(RemoteWebDriver.java:601)
at org.openqa.selenium.remote.ElementLocation$ElementFinder$2.findElement(ElementLocation.java:166)
at org.openqa.selenium.remote.ElementLocation.findElement(ElementLocation.java:60)
at org.openqa.selenium.remote.RemoteWebDriver.findElement(RemoteWebDriver.java:424)
at org.openqa.selenium.remote.RemoteWebDriver.findElement(RemoteWebDriver.java:418)
at org.openqa.selenium.support.pagefactory.DefaultElementLocator.findElement(DefaultElementLocator.java:68)
at org.openqa.selenium.support.pagefactory.internal.LocatingElementHandler.invoke(LocatingElementHandler.java:38)
at jdk.proxy2/jdk.proxy2.$Proxy32.isDisplayed(Unknown Source)
at org.openqa.selenium.support.ui.ExpectedConditions.elementIfVisible(ExpectedConditions.java:367)
at org.openqa.selenium.support.ui.ExpectedConditions$10.apply(ExpectedConditions.java:353)
at org.openqa.selenium.support.ui.ExpectedConditions$10.apply(ExpectedConditions.java:350)
at org.openqa.selenium.support.ui.FluentWait.until(FluentWait.java:207)
... 31 more
... Removed 27 stack frames]]>
    </failure>
  </testcase> <!-- verifyComposedEmailSavedInDraftFolder -->
  <testcase classname="com.xgenplus.base.BaseClass" name="@AfterSuite closeReport" time="0.0">
    <ignored/>
  </testcase> <!-- @AfterSuite closeReport -->
  <testcase classname="com.xgenplus.base.BaseClass" name="@BeforeSuite setupExtent" time="0.0">
    <ignored/>
  </testcase> <!-- @BeforeSuite setupExtent -->
  <testcase classname="com.xgenplus.base.BaseClass" name="@AfterSuite closeReport" time="0.0">
    <ignored/>
  </testcase> <!-- @AfterSuite closeReport -->
  <testcase classname="com.xgenplus.base.BaseClass" name="@AfterSuite closeReport" time="0.0">
    <ignored/>
  </testcase> <!-- @AfterSuite closeReport -->
  <testcase classname="com.xgenplus.base.BaseClass" name="@BeforeSuite setupExtent" time="0.0">
    <ignored/>
  </testcase> <!-- @BeforeSuite setupExtent -->
  <testcase classname="com.xgenplus.base.BaseClass" name="@BeforeSuite setupExtent" time="0.0">
    <ignored/>
  </testcase> <!-- @BeforeSuite setupExtent -->
</testsuite> <!-- ChromeTest -->
