<?xml version="1.0" encoding="UTF-8"?>
<!-- Generated by org.testng.reporters.JUnitXMLReporter -->
<testsuite ignored="4" hostname="DESKTOP-56R6G1O" failures="0" tests="15" name="ChromeTest" time="58.158" errors="0" timestamp="2026-01-12T16:05:35 IST">
  <testcase classname="com.xgenplus.tests.LoginTest" name="validLoginTest" time="4.714"/>
  <testcase classname="com.xgenplus.tests.ForgotPasswordTest" name="verifyResetPasswordViaEmail" time="2.802"/>
  <testcase classname="com.xgenplus.tests.LoginTest" name="invalidEmailLoginTest" time="0.364"/>
  <testcase classname="com.xgenplus.tests.ForgotPasswordTest" name="verifySuccessfulPasswordResetUsingSecurityQuestions" time="4.335"/>
  <testcase classname="com.xgenplus.tests.LoginTest" name="invalidPasswordLoginTest" time="1.109"/>
  <testcase classname="com.xgenplus.tests.ForgotPasswordTest" name="verifyErrorWhenPasswordIsMissing" time="3.441"/>
  <testcase classname="com.xgenplus.tests.ForgotEmailTest" name="testForgotEmailWithoutMobileNumber" time="1.038"/>
  <testcase classname="com.xgenplus.tests.ForgotPasswordTest" name="verifyErrorForPasswordMismatch" time="3.68"/>
  <testcase classname="com.xgenplus.tests.ForgotEmailTest" name="testForgotEmailWithInvalidMobileNumber" time="0.646"/>
  <testcase classname="com.xgenplus.tests.ForgotPasswordTest" name="verifyErrorWhenSecurityAnswersAreBlank" time="2.32"/>
  <testcase classname="com.xgenplus.tests.ForgotEmailTest" name="testForgotEmailWithLongMobileNumber" time="0.658"/>
  <testcase classname="com.xgenplus.tests.ForgotPasswordTest" name="verifyErrorWhenCityNameIsBlank" time="2.46"/>
  <testcase classname="com.xgenplus.tests.ForgotEmailTest" name="testForgotEmailWithAlphabetsInMobile" time="1.013"/>
  <testcase classname="com.xgenplus.tests.ForgotPasswordTest" name="verifyErrorWhenCountryNameIsBlank" time="2.662"/>
  <testcase classname="com.xgenplus.tests.ForgotPasswordTest" name="verifyErrorForIncorrectSecurityAnswers" time="2.735"/>
  <testcase classname="com.xgenplus.base.BaseClass" name="@AfterSuite closeReport" time="0.0">
    <ignored/>
  </testcase> <!-- @AfterSuite closeReport -->
  <testcase classname="com.xgenplus.base.BaseClass" name="@BeforeSuite setupExtent" time="0.0">
    <ignored/>
  </testcase> <!-- @BeforeSuite setupExtent -->
  <testcase classname="com.xgenplus.base.BaseClass" name="@BeforeSuite setupExtent" time="0.0">
    <ignored/>
  </testcase> <!-- @BeforeSuite setupExtent -->
  <testcase classname="com.xgenplus.base.BaseClass" name="@AfterSuite closeReport" time="0.0">
    <ignored/>
  </testcase> <!-- @AfterSuite closeReport -->
</testsuite> <!-- ChromeTest -->
